{
  "RSpec": {
    "coverage": {
      "/vagrant/_ss/spec/lib/match_stdout.rb": [
        1,
        null,
        4,
        null,
        4,
        null,
        4,
        4,
        4,
        4,
        null,
        4,
        4,
        null,
        null,
        4,
        null,
        null,
        4,
        0,
        null,
        4,
        0,
        null,
        4,
        0,
        null,
        null,
        null
      ],
      "/vagrant/_ss/task2_80a_80b_330.rb": [
        1,
        null,
        null,
        1,
        1,
        1,
        15,
        6,
        1,
        4,
        1,
        null,
        6,
        null,
        null,
        null,
        null,
        1,
        1,
        1,
        null,
        3,
        3,
        1,
        4,
        1,
        1,
        null,
        null,
        null,
        null,
        null
      ],
      "/vagrant/_ss/spec/lib/brackets_balance_spec.rb": [
        1,
        1,
        1,
        null,
        1,
        1,
        1,
        1,
        null,
        null,
        1,
        1,
        1,
        null,
        null,
        1,
        1,
        null,
        null,
        null,
        1,
        1,
        1,
        null,
        null,
        1,
        1,
        null,
        null,
        null,
        1,
        1,
        1,
        null,
        null,
        1,
        1,
        1,
        1,
        null,
        null,
        null
      ],
      "/vagrant/_ss/task3_brackets_balance.rb": [
        1,
        1,
        29,
        null,
        null,
        1,
        54,
        null,
        null,
        1,
        5,
        5,
        26,
        25,
        25,
        null,
        4,
        null,
        null,
        null,
        1,
        1,
        null
      ],
      "/vagrant/_ss/spec/lib/fibonacci_spec.rb": [
        1,
        1,
        1,
        null,
        1,
        1,
        2,
        null,
        null,
        1,
        1,
        null,
        null,
        1,
        2,
        null,
        null,
        null
      ],
      "/vagrant/_ss/task1_fibonacci.rb": [
        1,
        2,
        2,
        12,
        12,
        null,
        null,
        null,
        1,
        378,
        null,
        null,
        1,
        1,
        1,
        5,
        5,
        null,
        null,
        null,
        null,
        1,
        null
      ]
    },
    "timestamp": 1389248647
  }
}
